<?xml version="1.0" encoding="UTF-8"?>
<testng-results skipped="2" failed="1" total="3" passed="0">
  <reporter-output>
  </reporter-output>
  <suite name="Default suite" duration-ms="110206" started-at="2018-06-01T14:12:48Z" finished-at="2018-06-01T14:14:38Z">
    <groups>
    </groups>
    <test name="Default test" duration-ms="110206" started-at="2018-06-01T14:12:48Z" finished-at="2018-06-01T14:14:38Z">
      <class name="com.qtpselenium.hybrid.sessionsuite.LoginTest">
        <test-method status="PASS" signature="init()[pri:0, instance:com.qtpselenium.hybrid.sessionsuite.LoginTest@536aaa8d]" name="init" is-config="true" duration-ms="421" started-at="2018-06-01T19:42:48Z" finished-at="2018-06-01T19:42:48Z">
          <reporter-output>
          </reporter-output>
        </test-method> <!-- init -->
        <test-method status="FAIL" signature="doLogin(java.util.Hashtable)[pri:0, instance:com.qtpselenium.hybrid.sessionsuite.LoginTest@536aaa8d]" name="doLogin" duration-ms="108600" started-at="2018-06-01T19:42:48Z" data-provider="getData" finished-at="2018-06-01T19:44:37Z">
          <params>
            <param index="0">
              <value>
                <![CDATA[{Username=9892719717, ExpectedResult=Success, Password=24march, Runmode=Y, Browser=Mozilla}]]>
              </value>
            </param>
          </params>
          <exception class="java.lang.AssertionError">
            <message>
              <![CDATA[Got actual result as Failure]]>
            </message>
            <full-stacktrace>
              <![CDATA[java.lang.AssertionError: Got actual result as Failure
	at org.testng.Assert.fail(Assert.java:94)
	at com.qtpselenium.hybrid.keywords.AppKeywords.VerifyFlipKartLogin(AppKeywords.java:65)
	at com.qtpselenium.hybrid.keywords.Keywords.ExecuteKeywords(Keywords.java:91)
	at com.qtpselenium.hybrid.sessionsuite.LoginTest.doLogin(LoginTest.java:51)
	at sun.reflect.NativeMethodAccessorImpl.invoke0(Native Method)
	at sun.reflect.NativeMethodAccessorImpl.invoke(NativeMethodAccessorImpl.java:62)
	at sun.reflect.DelegatingMethodAccessorImpl.invoke(DelegatingMethodAccessorImpl.java:43)
	at java.lang.reflect.Method.invoke(Method.java:498)
	at org.testng.internal.MethodInvocationHelper.invokeMethod(MethodInvocationHelper.java:100)
	at org.testng.internal.Invoker.invokeMethod(Invoker.java:646)
	at org.testng.internal.Invoker.invokeTestMethod(Invoker.java:811)
	at org.testng.internal.Invoker.invokeTestMethods(Invoker.java:1129)
	at org.testng.internal.TestMethodWorker.invokeTestMethods(TestMethodWorker.java:129)
	at org.testng.internal.TestMethodWorker.run(TestMethodWorker.java:112)
	at org.testng.TestRunner.privateRun(TestRunner.java:746)
	at org.testng.TestRunner.run(TestRunner.java:600)
	at org.testng.SuiteRunner.runTest(SuiteRunner.java:366)
	at org.testng.SuiteRunner.runSequentially(SuiteRunner.java:361)
	at org.testng.SuiteRunner.privateRun(SuiteRunner.java:319)
	at org.testng.SuiteRunner.run(SuiteRunner.java:268)
	at org.testng.SuiteRunnerWorker.runSuite(SuiteRunnerWorker.java:52)
	at org.testng.SuiteRunnerWorker.run(SuiteRunnerWorker.java:86)
	at org.testng.TestNG.runSuitesSequentially(TestNG.java:1264)
	at org.testng.TestNG.runSuitesLocally(TestNG.java:1189)
	at org.testng.TestNG.runSuites(TestNG.java:1104)
	at org.testng.TestNG.run(TestNG.java:1076)
	at org.testng.remote.AbstractRemoteTestNG.run(AbstractRemoteTestNG.java:126)
	at org.testng.remote.RemoteTestNG.initAndRun(RemoteTestNG.java:152)
	at org.testng.remote.RemoteTestNG.main(RemoteTestNG.java:57)
]]>
            </full-stacktrace>
          </exception> <!-- java.lang.AssertionError -->
          <reporter-output>
          </reporter-output>
        </test-method> <!-- doLogin -->
        <test-method status="PASS" signature="EndingTest()[pri:0, instance:com.qtpselenium.hybrid.sessionsuite.LoginTest@536aaa8d]" name="EndingTest" is-config="true" duration-ms="848" started-at="2018-06-01T19:44:37Z" finished-at="2018-06-01T19:44:38Z">
          <reporter-output>
          </reporter-output>
        </test-method> <!-- EndingTest -->
        <test-method status="SKIP" signature="doLogin(java.util.Hashtable)[pri:0, instance:com.qtpselenium.hybrid.sessionsuite.LoginTest@536aaa8d]" name="doLogin" duration-ms="4" started-at="2018-06-01T19:44:38Z" data-provider="getData" finished-at="2018-06-01T19:44:38Z">
          <params>
            <param index="0">
              <value>
                <![CDATA[{Username=U1, ExpectedResult=Success, Password=P1, Runmode=N, Browser=Chrome}]]>
              </value>
            </param>
          </params>
          <exception class="org.testng.SkipException">
            <message>
              <![CDATA[Skipping this test as value is N]]>
            </message>
            <full-stacktrace>
              <![CDATA[org.testng.SkipException: Skipping this test as value is N
	at com.qtpselenium.hybrid.sessionsuite.LoginTest.doLogin(LoginTest.java:44)
	at sun.reflect.NativeMethodAccessorImpl.invoke0(Native Method)
	at sun.reflect.NativeMethodAccessorImpl.invoke(NativeMethodAccessorImpl.java:62)
	at sun.reflect.DelegatingMethodAccessorImpl.invoke(DelegatingMethodAccessorImpl.java:43)
	at java.lang.reflect.Method.invoke(Method.java:498)
	at org.testng.internal.MethodInvocationHelper.invokeMethod(MethodInvocationHelper.java:100)
	at org.testng.internal.Invoker.invokeMethod(Invoker.java:646)
	at org.testng.internal.Invoker.invokeTestMethod(Invoker.java:811)
	at org.testng.internal.Invoker.invokeTestMethods(Invoker.java:1129)
	at org.testng.internal.TestMethodWorker.invokeTestMethods(TestMethodWorker.java:129)
	at org.testng.internal.TestMethodWorker.run(TestMethodWorker.java:112)
	at org.testng.TestRunner.privateRun(TestRunner.java:746)
	at org.testng.TestRunner.run(TestRunner.java:600)
	at org.testng.SuiteRunner.runTest(SuiteRunner.java:366)
	at org.testng.SuiteRunner.runSequentially(SuiteRunner.java:361)
	at org.testng.SuiteRunner.privateRun(SuiteRunner.java:319)
	at org.testng.SuiteRunner.run(SuiteRunner.java:268)
	at org.testng.SuiteRunnerWorker.runSuite(SuiteRunnerWorker.java:52)
	at org.testng.SuiteRunnerWorker.run(SuiteRunnerWorker.java:86)
	at org.testng.TestNG.runSuitesSequentially(TestNG.java:1264)
	at org.testng.TestNG.runSuitesLocally(TestNG.java:1189)
	at org.testng.TestNG.runSuites(TestNG.java:1104)
	at org.testng.TestNG.run(TestNG.java:1076)
	at org.testng.remote.AbstractRemoteTestNG.run(AbstractRemoteTestNG.java:126)
	at org.testng.remote.RemoteTestNG.initAndRun(RemoteTestNG.java:152)
	at org.testng.remote.RemoteTestNG.main(RemoteTestNG.java:57)
]]>
            </full-stacktrace>
          </exception> <!-- org.testng.SkipException -->
          <reporter-output>
          </reporter-output>
        </test-method> <!-- doLogin -->
        <test-method status="PASS" signature="EndingTest()[pri:0, instance:com.qtpselenium.hybrid.sessionsuite.LoginTest@536aaa8d]" name="EndingTest" is-config="true" duration-ms="117" started-at="2018-06-01T19:44:38Z" finished-at="2018-06-01T19:44:38Z">
          <reporter-output>
          </reporter-output>
        </test-method> <!-- EndingTest -->
        <test-method status="SKIP" signature="doLogin(java.util.Hashtable)[pri:0, instance:com.qtpselenium.hybrid.sessionsuite.LoginTest@536aaa8d]" name="doLogin" duration-ms="3" started-at="2018-06-01T19:44:38Z" data-provider="getData" finished-at="2018-06-01T19:44:38Z">
          <params>
            <param index="0">
              <value>
                <![CDATA[{Username=U2, ExpectedResult=x, Password=P2, Runmode=N, Browser=IE}]]>
              </value>
            </param>
          </params>
          <exception class="org.testng.SkipException">
            <message>
              <![CDATA[Skipping this test as value is N]]>
            </message>
            <full-stacktrace>
              <![CDATA[org.testng.SkipException: Skipping this test as value is N
	at com.qtpselenium.hybrid.sessionsuite.LoginTest.doLogin(LoginTest.java:44)
	at sun.reflect.NativeMethodAccessorImpl.invoke0(Native Method)
	at sun.reflect.NativeMethodAccessorImpl.invoke(NativeMethodAccessorImpl.java:62)
	at sun.reflect.DelegatingMethodAccessorImpl.invoke(DelegatingMethodAccessorImpl.java:43)
	at java.lang.reflect.Method.invoke(Method.java:498)
	at org.testng.internal.MethodInvocationHelper.invokeMethod(MethodInvocationHelper.java:100)
	at org.testng.internal.Invoker.invokeMethod(Invoker.java:646)
	at org.testng.internal.Invoker.invokeTestMethod(Invoker.java:811)
	at org.testng.internal.Invoker.invokeTestMethods(Invoker.java:1129)
	at org.testng.internal.TestMethodWorker.invokeTestMethods(TestMethodWorker.java:129)
	at org.testng.internal.TestMethodWorker.run(TestMethodWorker.java:112)
	at org.testng.TestRunner.privateRun(TestRunner.java:746)
	at org.testng.TestRunner.run(TestRunner.java:600)
	at org.testng.SuiteRunner.runTest(SuiteRunner.java:366)
	at org.testng.SuiteRunner.runSequentially(SuiteRunner.java:361)
	at org.testng.SuiteRunner.privateRun(SuiteRunner.java:319)
	at org.testng.SuiteRunner.run(SuiteRunner.java:268)
	at org.testng.SuiteRunnerWorker.runSuite(SuiteRunnerWorker.java:52)
	at org.testng.SuiteRunnerWorker.run(SuiteRunnerWorker.java:86)
	at org.testng.TestNG.runSuitesSequentially(TestNG.java:1264)
	at org.testng.TestNG.runSuitesLocally(TestNG.java:1189)
	at org.testng.TestNG.runSuites(TestNG.java:1104)
	at org.testng.TestNG.run(TestNG.java:1076)
	at org.testng.remote.AbstractRemoteTestNG.run(AbstractRemoteTestNG.java:126)
	at org.testng.remote.RemoteTestNG.initAndRun(RemoteTestNG.java:152)
	at org.testng.remote.RemoteTestNG.main(RemoteTestNG.java:57)
]]>
            </full-stacktrace>
          </exception> <!-- org.testng.SkipException -->
          <reporter-output>
          </reporter-output>
        </test-method> <!-- doLogin -->
        <test-method status="PASS" signature="EndingTest()[pri:0, instance:com.qtpselenium.hybrid.sessionsuite.LoginTest@536aaa8d]" name="EndingTest" is-config="true" duration-ms="55" started-at="2018-06-01T19:44:38Z" finished-at="2018-06-01T19:44:38Z">
          <reporter-output>
          </reporter-output>
        </test-method> <!-- EndingTest -->
      </class> <!-- com.qtpselenium.hybrid.sessionsuite.LoginTest -->
    </test> <!-- Default test -->
  </suite> <!-- Default suite -->
</testng-results>
