<html xmlns:math="http://exslt.org/math" xmlns:testng="http://testng.org">
   <head>
      <title>TestNG Results</title>
      <meta http-equiv="content-type" content="text/html; charset=utf-8"></meta>
      <meta http-equiv="pragma" content="no-cache"></meta>
      <meta http-equiv="cache-control" content="max-age=0"></meta>
      <meta http-equiv="cache-control" content="no-cache"></meta>
      <meta http-equiv="cache-control" content="no-store"></meta>
      <LINK rel="stylesheet" href="style.css"></LINK>
      <script type="text/javascript" src="main.js"></script>
   </head>
   <body>
      <table width="100%" style="font-size: 16px; margin-bottom: 10px;" cellspacing="1">
         <tr>
            <td width="100%">
               Test case
               
               <b>Filter Mobile</b>
            </td>
            <td style="background-color: #FFBBBB; padding: 3px 3px 3px 0;" align="center">
               <div style="width: 50px;">1</div>
            </td>
            <td style="background-color: lightgreen; padding: 3px 3px 3px 0;" align="center">
               <div style="width: 50px;">0</div>
            </td>
            <td style="background-color: #FFFFBB; padding: 3px 3px 3px 0;" align="center">
               <div style="width: 50px;">1</div>
            </td>
            <td align="center" style="background-color: #eaf0f7; padding: 3px 3px 3px 0;">
               <div style="width: 50px;">2</div>
            </td>
            <td align="center"
                style="font-weight: bold; background-color: #eaf0f7; padding: 3px 3px 3px 0;">
               <div style="width: 50px;">0%</div>
            </td>
            <td style="background-color: #eaf0f7; padding: 3px 3px 3px 0;" align="center"
                nowrap="true">54s
               
            </td>
         </tr>
      </table>
      <div style="width: 200px;">
         <label for="groupMethodsCheckBox" style="font-weight: bold; margin: 0;">
            <input id="groupMethodsCheckBox" type="checkbox" onclick="switchTestMethodsView(this)"></input>
            Group by class
            
         </label>
         <br></br>
         <label for="methodsFilter_ALL" style="font-weight: bold; margin: 0;">
            <input id="methodsFilter_ALL" type="checkbox"
                   onclick="testMethodsFilterChanged(this, 'ALL')"></input>
            All
            
         </label>
      </div>
      <label for="methodsFilter_FAIL" style="margin-left: 20px;">
         <input id="methodsFilter_FAIL" type="checkbox"
                onclick="testMethodsFilterChanged(this, 'FAIL')"
                checked=""></input>
         Failed
         
      </label>
      <label for="methodsFilter_PASS">
         <input id="methodsFilter_PASS" type="checkbox"
                onclick="testMethodsFilterChanged(this, 'PASS')"
                checked=""></input>
         Passed
         
      </label>
      <label for="methodsFilter_SKIP">
         <input id="methodsFilter_SKIP" type="checkbox"
                onclick="testMethodsFilterChanged(this, 'SKIP')"
                checked=""></input>
         Skipped
         
      </label>
      <label for="methodsFilter_CONF">
         <input id="methodsFilter_CONF" type="checkbox"
                onclick="testMethodsFilterChanged(this, 'CONF')"></input>
         Config
         
      </label>
      <br></br>
      <div id="testMethodsByStatus">
         <table class="testMethodsTable" cellpadding="0" cellspacing="0">
            <tr class="methodsTableHeader">
               <td width="100%">Name</td>
               <td nowrap="true">Started</td>
               <td nowrap="true">Duration</td>
               <td>Exception</td>
            </tr>
            <tr id="com.qtpselenium.hybrid.product.FilterMobileTest_FilterMobileTest_byStatus_failed_FAIL1_row"
                class="testMethodStatusFAIL">
               <td width="100%" class="firstMethodCell">
                  <a onclick="toggleDetailsVisibility('com.qtpselenium.hybrid.product.FilterMobileTest_FilterMobileTest_byStatus_failed_FAIL1_details')">FilterMobileTest({PriceRange=2000 to 10000, Runmode=Y, MobileCompany=Samsung_xpath, Browser=Chrome})</a>
               </td>
               <td nowrap="true">07:43:11</td>
               <td nowrap="true" align="right">53s
                  
               </td>
               <td nowrap="true">
                  <a onclick="toggleDetailsVisibility('com.qtpselenium.hybrid.product.FilterMobileTest_FilterMobileTest_byStatus_failed_FAIL1_exception')">java.lang.AssertionError: 
                     Locator is incorrect CrossButton_xpath
                     
                  </a>
                   
                  
               </td>
            </tr>
            <tr>
               <td colspan="4" class="detailsBox">
                  <div id="com.qtpselenium.hybrid.product.FilterMobileTest_FilterMobileTest_byStatus_failed_FAIL1_details"
                       class="testMethodDetails">
                     <div>
                        <b>Name: </b>FilterMobileTest
                     </div>
                     <div>
                        <b>Signature: </b>FilterMobileTest(java.util.Hashtable)[pri:0, instance:com.qtpselenium.hybrid.product.FilterMobileTest@27f723]
                     </div>
                     <div>
                        <b>Parameters: </b>
                        
                        {PriceRange=2000 to 10000, Runmode=Y, MobileCompany=Samsung_xpath, Browser=Chrome}
                        
                        
                     </div>
                     <div>
                        <b>Start time: </b>07:43:11
                     </div>
                     <div>
                        <b>End time: </b>07:44:04
                     </div>
                     <div>
                        <b>Duration: </b>53s
                        
                     </div>
                  </div>
               </td>
            </tr>
            <tr>
               <td colspan="4" class="detailsBox">
                  <div id="com.qtpselenium.hybrid.product.FilterMobileTest_FilterMobileTest_byStatus_failed_FAIL1_exception"
                       class="testMethodDetails">
                     <pre style="padding: 5px; margin: 0;">java.lang.AssertionError: Locator is incorrect CrossButton_xpath
                        	at org.testng.Assert.fail(Assert.java:94)
                        	at com.qtpselenium.hybrid.keywords.GenericKeywords.ReportFailure(GenericKeywords.java:181)
                        	at com.qtpselenium.hybrid.keywords.GenericKeywords.GetElement(GenericKeywords.java:130)
                        	at com.qtpselenium.hybrid.keywords.GenericKeywords.click(GenericKeywords.java:103)
                        	at com.qtpselenium.hybrid.keywords.Keywords.ExecuteKeywords(Keywords.java:63)
                        	at com.qtpselenium.hybrid.product.FilterMobileTest.FilterMobileTest(FilterMobileTest.java:46)
                        	at sun.reflect.NativeMethodAccessorImpl.invoke0(Native Method)
                        	at sun.reflect.NativeMethodAccessorImpl.invoke(NativeMethodAccessorImpl.java:62)
                        	at sun.reflect.DelegatingMethodAccessorImpl.invoke(DelegatingMethodAccessorImpl.java:43)
                        	at java.lang.reflect.Method.invoke(Method.java:498)
                        	at org.testng.internal.MethodInvocationHelper.invokeMethod(MethodInvocationHelper.java:100)
                        	at org.testng.internal.Invoker.invokeMethod(Invoker.java:646)
                        	at org.testng.internal.Invoker.invokeTestMethod(Invoker.java:811)
                        	at org.testng.internal.Invoker.invokeTestMethods(Invoker.java:1129)
                        	at org.testng.internal.TestMethodWorker.invokeTestMethods(TestMethodWorker.java:129)
                        	at org.testng.internal.TestMethodWorker.run(TestMethodWorker.java:112)
                        	at org.testng.TestRunner.privateRun(TestRunner.java:746)
                        	at org.testng.TestRunner.run(TestRunner.java:600)
                        	at org.testng.SuiteRunner.runTest(SuiteRunner.java:366)
                        	at org.testng.SuiteRunner.access$000(SuiteRunner.java:39)
                        	at org.testng.SuiteRunner$SuiteWorker.run(SuiteRunner.java:400)
                        	at org.testng.internal.thread.ThreadUtil$2.call(ThreadUtil.java:64)
                        	at java.util.concurrent.FutureTask.run(FutureTask.java:266)
                        	at java.util.concurrent.ThreadPoolExecutor.runWorker(ThreadPoolExecutor.java:1142)
                        	at java.util.concurrent.ThreadPoolExecutor$Worker.run(ThreadPoolExecutor.java:617)
                        	at java.lang.Thread.run(Thread.java:745)
                     </pre>
                  </div>
               </td>
            </tr>
            <tr id="com.qtpselenium.hybrid.product.FilterMobileTest_init_byStatus_passed_PASS1_row"
                class="testMethodStatusPASS testMethodStatusCONF">
               <td width="100%" class="firstMethodCell">
                  <a onclick="toggleDetailsVisibility('com.qtpselenium.hybrid.product.FilterMobileTest_init_byStatus_passed_PASS1_details')">init()</a>
               </td>
               <td nowrap="true">07:43:11</td>
               <td nowrap="true" align="right">10 ms
                  
               </td>
               <td nowrap="true">
                   
                  
               </td>
            </tr>
            <tr>
               <td colspan="4" class="detailsBox">
                  <div id="com.qtpselenium.hybrid.product.FilterMobileTest_init_byStatus_passed_PASS1_details"
                       class="testMethodDetails">
                     <div>
                        <b>Name: </b>init
                     </div>
                     <div>
                        <b>Signature: </b>init()[pri:0, instance:com.qtpselenium.hybrid.product.FilterMobileTest@27f723]
                     </div>
                     <div>
                        <b>Start time: </b>07:43:11
                     </div>
                     <div>
                        <b>End time: </b>07:43:11
                     </div>
                     <div>
                        <b>Duration: </b>10 ms
                        
                     </div>
                  </div>
               </td>
            </tr>
            <tr></tr>
            <tr id="com.qtpselenium.hybrid.product.FilterMobileTest_EndingTest_byStatus_passed_PASS2_row"
                class="testMethodStatusPASS testMethodStatusCONF">
               <td width="100%" class="firstMethodCell">
                  <a onclick="toggleDetailsVisibility('com.qtpselenium.hybrid.product.FilterMobileTest_EndingTest_byStatus_passed_PASS2_details')">EndingTest()</a>
               </td>
               <td nowrap="true">07:44:04</td>
               <td nowrap="true" align="right">266 ms
                  
               </td>
               <td nowrap="true">
                   
                  
               </td>
            </tr>
            <tr>
               <td colspan="4" class="detailsBox">
                  <div id="com.qtpselenium.hybrid.product.FilterMobileTest_EndingTest_byStatus_passed_PASS2_details"
                       class="testMethodDetails">
                     <div>
                        <b>Name: </b>EndingTest
                     </div>
                     <div>
                        <b>Signature: </b>EndingTest()[pri:0, instance:com.qtpselenium.hybrid.product.FilterMobileTest@27f723]
                     </div>
                     <div>
                        <b>Start time: </b>07:44:04
                     </div>
                     <div>
                        <b>End time: </b>07:44:05
                     </div>
                     <div>
                        <b>Duration: </b>266 ms
                        
                     </div>
                  </div>
               </td>
            </tr>
            <tr></tr>
            <tr id="com.qtpselenium.hybrid.product.FilterMobileTest_EndingTest_byStatus_passed_PASS3_row"
                class="testMethodStatusPASS testMethodStatusCONF">
               <td width="100%" class="firstMethodCell">
                  <a onclick="toggleDetailsVisibility('com.qtpselenium.hybrid.product.FilterMobileTest_EndingTest_byStatus_passed_PASS3_details')">EndingTest()</a>
               </td>
               <td nowrap="true">07:44:05</td>
               <td nowrap="true" align="right">82 ms
                  
               </td>
               <td nowrap="true">
                   
                  
               </td>
            </tr>
            <tr>
               <td colspan="4" class="detailsBox">
                  <div id="com.qtpselenium.hybrid.product.FilterMobileTest_EndingTest_byStatus_passed_PASS3_details"
                       class="testMethodDetails">
                     <div>
                        <b>Name: </b>EndingTest
                     </div>
                     <div>
                        <b>Signature: </b>EndingTest()[pri:0, instance:com.qtpselenium.hybrid.product.FilterMobileTest@27f723]
                     </div>
                     <div>
                        <b>Start time: </b>07:44:05
                     </div>
                     <div>
                        <b>End time: </b>07:44:05
                     </div>
                     <div>
                        <b>Duration: </b>82 ms
                        
                     </div>
                  </div>
               </td>
            </tr>
            <tr></tr>
            <tr id="com.qtpselenium.hybrid.product.FilterMobileTest_FilterMobileTest_byStatus_skiped_SKIP1_row"
                class="testMethodStatusSKIP">
               <td width="100%" class="firstMethodCell">
                  <a onclick="toggleDetailsVisibility('com.qtpselenium.hybrid.product.FilterMobileTest_FilterMobileTest_byStatus_skiped_SKIP1_details')">FilterMobileTest({PriceRange=2000 to 10000, Runmode=N, MobileCompany=Samsung_xpath, Browser=Mozilla})</a>
               </td>
               <td nowrap="true">07:44:05</td>
               <td nowrap="true" align="right">0 ms
                  
               </td>
               <td nowrap="true">
                  <a onclick="toggleDetailsVisibility('com.qtpselenium.hybrid.product.FilterMobileTest_FilterMobileTest_byStatus_skiped_SKIP1_exception')">org.testng.SkipException: 
                     Skipping this test as value is N
                     
                  </a>
                   
                  
               </td>
            </tr>
            <tr>
               <td colspan="4" class="detailsBox">
                  <div id="com.qtpselenium.hybrid.product.FilterMobileTest_FilterMobileTest_byStatus_skiped_SKIP1_details"
                       class="testMethodDetails">
                     <div>
                        <b>Name: </b>FilterMobileTest
                     </div>
                     <div>
                        <b>Signature: </b>FilterMobileTest(java.util.Hashtable)[pri:0, instance:com.qtpselenium.hybrid.product.FilterMobileTest@27f723]
                     </div>
                     <div>
                        <b>Parameters: </b>
                        
                        {PriceRange=2000 to 10000, Runmode=N, MobileCompany=Samsung_xpath, Browser=Mozilla}
                        
                        
                     </div>
                     <div>
                        <b>Start time: </b>07:44:05
                     </div>
                     <div>
                        <b>End time: </b>07:44:05
                     </div>
                     <div>
                        <b>Duration: </b>0 ms
                        
                     </div>
                  </div>
               </td>
            </tr>
            <tr>
               <td colspan="4" class="detailsBox">
                  <div id="com.qtpselenium.hybrid.product.FilterMobileTest_FilterMobileTest_byStatus_skiped_SKIP1_exception"
                       class="testMethodDetails">
                     <pre style="padding: 5px; margin: 0;">org.testng.SkipException: Skipping this test as value is N
                        	at com.qtpselenium.hybrid.product.FilterMobileTest.FilterMobileTest(FilterMobileTest.java:39)
                        	at sun.reflect.NativeMethodAccessorImpl.invoke0(Native Method)
                        	at sun.reflect.NativeMethodAccessorImpl.invoke(NativeMethodAccessorImpl.java:62)
                        	at sun.reflect.DelegatingMethodAccessorImpl.invoke(DelegatingMethodAccessorImpl.java:43)
                        	at java.lang.reflect.Method.invoke(Method.java:498)
                        	at org.testng.internal.MethodInvocationHelper.invokeMethod(MethodInvocationHelper.java:100)
                        	at org.testng.internal.Invoker.invokeMethod(Invoker.java:646)
                        	at org.testng.internal.Invoker.invokeTestMethod(Invoker.java:811)
                        	at org.testng.internal.Invoker.invokeTestMethods(Invoker.java:1129)
                        	at org.testng.internal.TestMethodWorker.invokeTestMethods(TestMethodWorker.java:129)
                        	at org.testng.internal.TestMethodWorker.run(TestMethodWorker.java:112)
                        	at org.testng.TestRunner.privateRun(TestRunner.java:746)
                        	at org.testng.TestRunner.run(TestRunner.java:600)
                        	at org.testng.SuiteRunner.runTest(SuiteRunner.java:366)
                        	at org.testng.SuiteRunner.access$000(SuiteRunner.java:39)
                        	at org.testng.SuiteRunner$SuiteWorker.run(SuiteRunner.java:400)
                        	at org.testng.internal.thread.ThreadUtil$2.call(ThreadUtil.java:64)
                        	at java.util.concurrent.FutureTask.run(FutureTask.java:266)
                        	at java.util.concurrent.ThreadPoolExecutor.runWorker(ThreadPoolExecutor.java:1142)
                        	at java.util.concurrent.ThreadPoolExecutor$Worker.run(ThreadPoolExecutor.java:617)
                        	at java.lang.Thread.run(Thread.java:745)
                     </pre>
                  </div>
               </td>
            </tr>
         </table>
      </div>
      <div id="testMethodsByClass" style="display: none;">
         <table class="testMethodsTable" cellpadding="0" cellspacing="0">
            <tr>
               <td colspan="4">
                  <h3 style="display: inline;">com.qtpselenium.hybrid.product.FilterMobileTest</h3>
               </td>
            </tr>
            <tr class="methodsTableHeader">
               <td width="100%">Name</td>
               <td nowrap="true">Started</td>
               <td nowrap="true">Duration</td>
               <td>Exception</td>
            </tr>
            <tr id="com.qtpselenium.hybrid.product.FilterMobileTest_init_byClass_PASS1_row"
                class="testMethodStatusPASS testMethodStatusCONF">
               <td width="100%" class="firstMethodCell">
                  <a onclick="toggleDetailsVisibility('com.qtpselenium.hybrid.product.FilterMobileTest_init_byClass_PASS1_details')">init()</a>
               </td>
               <td nowrap="true">07:43:11</td>
               <td nowrap="true" align="right">10 ms
                  
               </td>
               <td nowrap="true">
                   
                  
               </td>
            </tr>
            <tr>
               <td colspan="4" class="detailsBox">
                  <div id="com.qtpselenium.hybrid.product.FilterMobileTest_init_byClass_PASS1_details"
                       class="testMethodDetails">
                     <div>
                        <b>Name: </b>init
                     </div>
                     <div>
                        <b>Signature: </b>init()[pri:0, instance:com.qtpselenium.hybrid.product.FilterMobileTest@27f723]
                     </div>
                     <div>
                        <b>Start time: </b>07:43:11
                     </div>
                     <div>
                        <b>End time: </b>07:43:11
                     </div>
                     <div>
                        <b>Duration: </b>10 ms
                        
                     </div>
                  </div>
               </td>
            </tr>
            <tr></tr>
            <tr id="com.qtpselenium.hybrid.product.FilterMobileTest_FilterMobileTest_byClass_FAIL2_row"
                class="testMethodStatusFAIL">
               <td width="100%" class="firstMethodCell">
                  <a onclick="toggleDetailsVisibility('com.qtpselenium.hybrid.product.FilterMobileTest_FilterMobileTest_byClass_FAIL2_details')">FilterMobileTest({PriceRange=2000 to 10000, Runmode=Y, MobileCompany=Samsung_xpath, Browser=Chrome})</a>
               </td>
               <td nowrap="true">07:43:11</td>
               <td nowrap="true" align="right">53s
                  
               </td>
               <td nowrap="true">
                  <a onclick="toggleDetailsVisibility('com.qtpselenium.hybrid.product.FilterMobileTest_FilterMobileTest_byClass_FAIL2_exception')">java.lang.AssertionError: 
                     Locator is incorrect CrossButton_xpath
                     
                  </a>
                   
                  
               </td>
            </tr>
            <tr>
               <td colspan="4" class="detailsBox">
                  <div id="com.qtpselenium.hybrid.product.FilterMobileTest_FilterMobileTest_byClass_FAIL2_details"
                       class="testMethodDetails">
                     <div>
                        <b>Name: </b>FilterMobileTest
                     </div>
                     <div>
                        <b>Signature: </b>FilterMobileTest(java.util.Hashtable)[pri:0, instance:com.qtpselenium.hybrid.product.FilterMobileTest@27f723]
                     </div>
                     <div>
                        <b>Parameters: </b>
                        
                        {PriceRange=2000 to 10000, Runmode=Y, MobileCompany=Samsung_xpath, Browser=Chrome}
                        
                        
                     </div>
                     <div>
                        <b>Start time: </b>07:43:11
                     </div>
                     <div>
                        <b>End time: </b>07:44:04
                     </div>
                     <div>
                        <b>Duration: </b>53s
                        
                     </div>
                  </div>
               </td>
            </tr>
            <tr>
               <td colspan="4" class="detailsBox">
                  <div id="com.qtpselenium.hybrid.product.FilterMobileTest_FilterMobileTest_byClass_FAIL2_exception"
                       class="testMethodDetails">
                     <pre style="padding: 5px; margin: 0;">java.lang.AssertionError: Locator is incorrect CrossButton_xpath
                        	at org.testng.Assert.fail(Assert.java:94)
                        	at com.qtpselenium.hybrid.keywords.GenericKeywords.ReportFailure(GenericKeywords.java:181)
                        	at com.qtpselenium.hybrid.keywords.GenericKeywords.GetElement(GenericKeywords.java:130)
                        	at com.qtpselenium.hybrid.keywords.GenericKeywords.click(GenericKeywords.java:103)
                        	at com.qtpselenium.hybrid.keywords.Keywords.ExecuteKeywords(Keywords.java:63)
                        	at com.qtpselenium.hybrid.product.FilterMobileTest.FilterMobileTest(FilterMobileTest.java:46)
                        	at sun.reflect.NativeMethodAccessorImpl.invoke0(Native Method)
                        	at sun.reflect.NativeMethodAccessorImpl.invoke(NativeMethodAccessorImpl.java:62)
                        	at sun.reflect.DelegatingMethodAccessorImpl.invoke(DelegatingMethodAccessorImpl.java:43)
                        	at java.lang.reflect.Method.invoke(Method.java:498)
                        	at org.testng.internal.MethodInvocationHelper.invokeMethod(MethodInvocationHelper.java:100)
                        	at org.testng.internal.Invoker.invokeMethod(Invoker.java:646)
                        	at org.testng.internal.Invoker.invokeTestMethod(Invoker.java:811)
                        	at org.testng.internal.Invoker.invokeTestMethods(Invoker.java:1129)
                        	at org.testng.internal.TestMethodWorker.invokeTestMethods(TestMethodWorker.java:129)
                        	at org.testng.internal.TestMethodWorker.run(TestMethodWorker.java:112)
                        	at org.testng.TestRunner.privateRun(TestRunner.java:746)
                        	at org.testng.TestRunner.run(TestRunner.java:600)
                        	at org.testng.SuiteRunner.runTest(SuiteRunner.java:366)
                        	at org.testng.SuiteRunner.access$000(SuiteRunner.java:39)
                        	at org.testng.SuiteRunner$SuiteWorker.run(SuiteRunner.java:400)
                        	at org.testng.internal.thread.ThreadUtil$2.call(ThreadUtil.java:64)
                        	at java.util.concurrent.FutureTask.run(FutureTask.java:266)
                        	at java.util.concurrent.ThreadPoolExecutor.runWorker(ThreadPoolExecutor.java:1142)
                        	at java.util.concurrent.ThreadPoolExecutor$Worker.run(ThreadPoolExecutor.java:617)
                        	at java.lang.Thread.run(Thread.java:745)
                     </pre>
                  </div>
               </td>
            </tr>
            <tr id="com.qtpselenium.hybrid.product.FilterMobileTest_EndingTest_byClass_PASS3_row"
                class="testMethodStatusPASS testMethodStatusCONF">
               <td width="100%" class="firstMethodCell">
                  <a onclick="toggleDetailsVisibility('com.qtpselenium.hybrid.product.FilterMobileTest_EndingTest_byClass_PASS3_details')">EndingTest()</a>
               </td>
               <td nowrap="true">07:44:04</td>
               <td nowrap="true" align="right">266 ms
                  
               </td>
               <td nowrap="true">
                   
                  
               </td>
            </tr>
            <tr>
               <td colspan="4" class="detailsBox">
                  <div id="com.qtpselenium.hybrid.product.FilterMobileTest_EndingTest_byClass_PASS3_details"
                       class="testMethodDetails">
                     <div>
                        <b>Name: </b>EndingTest
                     </div>
                     <div>
                        <b>Signature: </b>EndingTest()[pri:0, instance:com.qtpselenium.hybrid.product.FilterMobileTest@27f723]
                     </div>
                     <div>
                        <b>Start time: </b>07:44:04
                     </div>
                     <div>
                        <b>End time: </b>07:44:05
                     </div>
                     <div>
                        <b>Duration: </b>266 ms
                        
                     </div>
                  </div>
               </td>
            </tr>
            <tr></tr>
            <tr id="com.qtpselenium.hybrid.product.FilterMobileTest_EndingTest_byClass_PASS4_row"
                class="testMethodStatusPASS testMethodStatusCONF">
               <td width="100%" class="firstMethodCell">
                  <a onclick="toggleDetailsVisibility('com.qtpselenium.hybrid.product.FilterMobileTest_EndingTest_byClass_PASS4_details')">EndingTest()</a>
               </td>
               <td nowrap="true">07:44:05</td>
               <td nowrap="true" align="right">82 ms
                  
               </td>
               <td nowrap="true">
                   
                  
               </td>
            </tr>
            <tr>
               <td colspan="4" class="detailsBox">
                  <div id="com.qtpselenium.hybrid.product.FilterMobileTest_EndingTest_byClass_PASS4_details"
                       class="testMethodDetails">
                     <div>
                        <b>Name: </b>EndingTest
                     </div>
                     <div>
                        <b>Signature: </b>EndingTest()[pri:0, instance:com.qtpselenium.hybrid.product.FilterMobileTest@27f723]
                     </div>
                     <div>
                        <b>Start time: </b>07:44:05
                     </div>
                     <div>
                        <b>End time: </b>07:44:05
                     </div>
                     <div>
                        <b>Duration: </b>82 ms
                        
                     </div>
                  </div>
               </td>
            </tr>
            <tr></tr>
            <tr id="com.qtpselenium.hybrid.product.FilterMobileTest_FilterMobileTest_byClass_SKIP5_row"
                class="testMethodStatusSKIP">
               <td width="100%" class="firstMethodCell">
                  <a onclick="toggleDetailsVisibility('com.qtpselenium.hybrid.product.FilterMobileTest_FilterMobileTest_byClass_SKIP5_details')">FilterMobileTest({PriceRange=2000 to 10000, Runmode=N, MobileCompany=Samsung_xpath, Browser=Mozilla})</a>
               </td>
               <td nowrap="true">07:44:05</td>
               <td nowrap="true" align="right">0 ms
                  
               </td>
               <td nowrap="true">
                  <a onclick="toggleDetailsVisibility('com.qtpselenium.hybrid.product.FilterMobileTest_FilterMobileTest_byClass_SKIP5_exception')">org.testng.SkipException: 
                     Skipping this test as value is N
                     
                  </a>
                   
                  
               </td>
            </tr>
            <tr>
               <td colspan="4" class="detailsBox">
                  <div id="com.qtpselenium.hybrid.product.FilterMobileTest_FilterMobileTest_byClass_SKIP5_details"
                       class="testMethodDetails">
                     <div>
                        <b>Name: </b>FilterMobileTest
                     </div>
                     <div>
                        <b>Signature: </b>FilterMobileTest(java.util.Hashtable)[pri:0, instance:com.qtpselenium.hybrid.product.FilterMobileTest@27f723]
                     </div>
                     <div>
                        <b>Parameters: </b>
                        
                        {PriceRange=2000 to 10000, Runmode=N, MobileCompany=Samsung_xpath, Browser=Mozilla}
                        
                        
                     </div>
                     <div>
                        <b>Start time: </b>07:44:05
                     </div>
                     <div>
                        <b>End time: </b>07:44:05
                     </div>
                     <div>
                        <b>Duration: </b>0 ms
                        
                     </div>
                  </div>
               </td>
            </tr>
            <tr>
               <td colspan="4" class="detailsBox">
                  <div id="com.qtpselenium.hybrid.product.FilterMobileTest_FilterMobileTest_byClass_SKIP5_exception"
                       class="testMethodDetails">
                     <pre style="padding: 5px; margin: 0;">org.testng.SkipException: Skipping this test as value is N
                        	at com.qtpselenium.hybrid.product.FilterMobileTest.FilterMobileTest(FilterMobileTest.java:39)
                        	at sun.reflect.NativeMethodAccessorImpl.invoke0(Native Method)
                        	at sun.reflect.NativeMethodAccessorImpl.invoke(NativeMethodAccessorImpl.java:62)
                        	at sun.reflect.DelegatingMethodAccessorImpl.invoke(DelegatingMethodAccessorImpl.java:43)
                        	at java.lang.reflect.Method.invoke(Method.java:498)
                        	at org.testng.internal.MethodInvocationHelper.invokeMethod(MethodInvocationHelper.java:100)
                        	at org.testng.internal.Invoker.invokeMethod(Invoker.java:646)
                        	at org.testng.internal.Invoker.invokeTestMethod(Invoker.java:811)
                        	at org.testng.internal.Invoker.invokeTestMethods(Invoker.java:1129)
                        	at org.testng.internal.TestMethodWorker.invokeTestMethods(TestMethodWorker.java:129)
                        	at org.testng.internal.TestMethodWorker.run(TestMethodWorker.java:112)
                        	at org.testng.TestRunner.privateRun(TestRunner.java:746)
                        	at org.testng.TestRunner.run(TestRunner.java:600)
                        	at org.testng.SuiteRunner.runTest(SuiteRunner.java:366)
                        	at org.testng.SuiteRunner.access$000(SuiteRunner.java:39)
                        	at org.testng.SuiteRunner$SuiteWorker.run(SuiteRunner.java:400)
                        	at org.testng.internal.thread.ThreadUtil$2.call(ThreadUtil.java:64)
                        	at java.util.concurrent.FutureTask.run(FutureTask.java:266)
                        	at java.util.concurrent.ThreadPoolExecutor.runWorker(ThreadPoolExecutor.java:1142)
                        	at java.util.concurrent.ThreadPoolExecutor$Worker.run(ThreadPoolExecutor.java:617)
                        	at java.lang.Thread.run(Thread.java:745)
                     </pre>
                  </div>
               </td>
            </tr>
         </table>
         <br></br>
      </div>
      <div style="margin-top: 15px; color: gray; text-align: center; font-size: 9px;">
         Generated with
         
         <a href="http://code.google.com/p/testng-xslt/" style="color: #8888aa;"
            target="_blank">
            TestNG XSLT
            
         </a>
      </div>
   </body>
</html>