<?xml version="1.0" encoding="UTF-8"?>
<!-- Generated by org.testng.reporters.JUnitXMLReporter -->
<testsuite hostname="snsl-204" name="Flipkart Login" tests="4" failures="3" timestamp="3 May 2018 07:25:48 GMT" time="67.438" errors="0">
  <testcase name="doLogin" time="45.802" classname="com.qtpselenium.hybrid.sessionsuite.LoginTest">
    <failure type="java.lang.AssertionError" message="Fail Unable to find element Login_linktext">
      <![CDATA[java.lang.AssertionError: Fail Unable to find element Login_linktext
	at com.qtpselenium.hybrid.keywords.GenericKeywords.ReportFailure(GenericKeywords.java:145)
	at com.qtpselenium.hybrid.keywords.Keywords.ExecuteKeywords(Keywords.java:87)
	at com.qtpselenium.hybrid.sessionsuite.LoginTest.doLogin(LoginTest.java:45)
... Removed 27 stack frames]]>
    </failure>
  </testcase> <!-- doLogin -->
  <testcase name="doLogin" time="6.677" classname="com.qtpselenium.hybrid.sessionsuite.LoginTest">
    <failure type="java.lang.AssertionError" message="Fail Unable to find element Login_linktext">
      <![CDATA[java.lang.AssertionError: Fail Unable to find element Login_linktext
	at com.qtpselenium.hybrid.keywords.GenericKeywords.ReportFailure(GenericKeywords.java:145)
	at com.qtpselenium.hybrid.keywords.Keywords.ExecuteKeywords(Keywords.java:87)
	at com.qtpselenium.hybrid.sessionsuite.LoginTest.doLogin(LoginTest.java:45)
... Removed 27 stack frames]]>
    </failure>
  </testcase> <!-- doLogin -->
  <testcase name="doLogin" time="0.001" classname="com.qtpselenium.hybrid.sessionsuite.LoginTest">
    <skipped/>
  </testcase> <!-- doLogin -->
  <testcase name="ChangePassword" time="12.578" classname="com.qtpselenium.hybrid.sessionsuite.ChangePasswordTest">
    <failure type="java.lang.AssertionError" message="Locator is incorrect username_xpath">
      <![CDATA[java.lang.AssertionError: Locator is incorrect username_xpath
	at com.qtpselenium.hybrid.keywords.GenericKeywords.ReportFailure(GenericKeywords.java:145)
	at com.qtpselenium.hybrid.keywords.GenericKeywords.GetElement(GenericKeywords.java:94)
	at com.qtpselenium.hybrid.keywords.AppKeywords.Login(AppKeywords.java:36)
	at com.qtpselenium.hybrid.keywords.AppKeywords.DefaultLogin(AppKeywords.java:49)
	at com.qtpselenium.hybrid.keywords.Keywords.ExecuteKeywords(Keywords.java:78)
	at com.qtpselenium.hybrid.sessionsuite.ChangePasswordTest.ChangePassword(ChangePasswordTest.java:41)
... Removed 27 stack frames]]>
    </failure>
  </testcase> <!-- ChangePassword -->
</testsuite> <!-- Flipkart Login -->
